<?xml version="1.0" encoding="UTF-8"?>
<!-- Generated by org.testng.reporters.JUnitXMLReporter -->
<testsuite hostname="LAPTOP-G64NOMML" failures="0" tests="4" name="Tests" time="0.061" errors="0" timestamp="8 Aug 2025 12:31:28 GMT">
  <testcase classname="qa.com.testng.Groups" name="test1" time="0.017"/>
  <testcase classname="qa.com.testng.Groups" name="test3" time="0.003"/>
  <testcase classname="qa.com.testng.Groups" name="test4" time="0.002"/>
  <testcase classname="qa.com.testng.Groups" name="test5" time="0.002"/>
</testsuite> <!-- Tests -->
