<?xml version="1.0" encoding="UTF-8"?>
<testng-results total="4" passed="4" failed="0" skipped="0">
  <reporter-output>
  </reporter-output>
  <suite started-at="2025-08-08T12:31:28Z" name="TestngTest" finished-at="2025-08-08T12:31:28Z" duration-ms="61">
    <groups>
      <group name="regression">
        <method signature="Groups.test1()[pri:0, instance:qa.com.testng.Groups@49049a04]" name="test1" class="qa.com.testng.Groups"/>
        <method signature="Groups.test5()[pri:0, instance:qa.com.testng.Groups@49049a04]" name="test5" class="qa.com.testng.Groups"/>
      </group> <!-- regression -->
      <group name="smoketest">
        <method signature="Groups.test1()[pri:0, instance:qa.com.testng.Groups@49049a04]" name="test1" class="qa.com.testng.Groups"/>
        <method signature="Groups.test3()[pri:0, instance:qa.com.testng.Groups@49049a04]" name="test3" class="qa.com.testng.Groups"/>
        <method signature="Groups.test4()[pri:0, instance:qa.com.testng.Groups@49049a04]" name="test4" class="qa.com.testng.Groups"/>
        <method signature="Groups.test5()[pri:0, instance:qa.com.testng.Groups@49049a04]" name="test5" class="qa.com.testng.Groups"/>
      </group> <!-- smoketest -->
    </groups>
    <test started-at="2025-08-08T12:31:28Z" name="Tests" finished-at="2025-08-08T12:31:28Z" duration-ms="61">
      <class name="qa.com.testng.Groups">
        <test-method signature="test1()[pri:0, instance:qa.com.testng.Groups@49049a04]" started-at="2025-08-08T18:01:28Z" name="test1" finished-at="2025-08-08T18:01:28Z" duration-ms="17" status="PASS">
          <reporter-output>
          </reporter-output>
        </test-method> <!-- test1 -->
        <test-method signature="test3()[pri:0, instance:qa.com.testng.Groups@49049a04]" started-at="2025-08-08T18:01:28Z" name="test3" finished-at="2025-08-08T18:01:28Z" duration-ms="3" status="PASS">
          <reporter-output>
          </reporter-output>
        </test-method> <!-- test3 -->
        <test-method signature="test4()[pri:0, instance:qa.com.testng.Groups@49049a04]" started-at="2025-08-08T18:01:28Z" name="test4" finished-at="2025-08-08T18:01:28Z" duration-ms="2" status="PASS">
          <reporter-output>
          </reporter-output>
        </test-method> <!-- test4 -->
        <test-method signature="test5()[pri:0, instance:qa.com.testng.Groups@49049a04]" started-at="2025-08-08T18:01:28Z" name="test5" finished-at="2025-08-08T18:01:28Z" duration-ms="2" status="PASS">
          <reporter-output>
          </reporter-output>
        </test-method> <!-- test5 -->
      </class> <!-- qa.com.testng.Groups -->
    </test> <!-- Tests -->
  </suite> <!-- TestngTest -->
</testng-results>
